Using pre-set license
Built from '2020.3/staging' branch; Version is '2020.3.25f1 (9b9180224418) revision 10195328'; Using compiler version '192528614'; Build Type 'Release'
OS: 'Windows 10  (10.0.19043) 64bit Professional' Language: 'zh' Physical Memory: 16217 MB
BatchMode: 1, IsHumanControllingUs: 0, StartBugReporterOnCrash: 0, Is64bit: 1, IsPro: 0

COMMAND LINE ARGUMENTS:
C:\Program Files\Unity\Hub\Editor\2020.3.25f1\Editor\Unity.exe
-adb2
-batchMode
-noUpm
-name
AssetImportWorker0
-projectPath
C:/Users/user/Desktop/Unity_TNU_WebGame_20220222_A/WebGame_20220222_A
-logFile
Logs/AssetImportWorker0.log
-srvPort
1713
Successfully changed project path to: C:/Users/user/Desktop/Unity_TNU_WebGame_20220222_A/WebGame_20220222_A
C:/Users/user/Desktop/Unity_TNU_WebGame_20220222_A/WebGame_20220222_A
Using Asset Import Pipeline V2.
Refreshing native plugins compatible for Editor in 39.54 ms, found 3 plugins.
Preloading 0 native plugins for Editor in 0.00 ms.
Initialize engine version: 2020.3.25f1 (9b9180224418)
[Subsystems] Discovering subsystems at path C:/Program Files/Unity/Hub/Editor/2020.3.25f1/Editor/Data/Resources/UnitySubsystems
[Subsystems] Discovering subsystems at path C:/Users/user/Desktop/Unity_TNU_WebGame_20220222_A/WebGame_20220222_A/Assets
GfxDevice: creating device client; threaded=0
Direct3D:
    Version:  Direct3D 11.0 [level 11.1]
    Renderer: NVIDIA GeForce GTX 1650 SUPER (ID=0x2187)
    Vendor:   
    VRAM:     3955 MB
    Driver:   27.21.14.5671
Initialize mono
Mono path[0] = 'C:/Program Files/Unity/Hub/Editor/2020.3.25f1/Editor/Data/Managed'
Mono path[1] = 'C:/Program Files/Unity/Hub/Editor/2020.3.25f1/Editor/Data/MonoBleedingEdge/lib/mono/unityjit'
Mono config path = 'C:/Program Files/Unity/Hub/Editor/2020.3.25f1/Editor/Data/MonoBleedingEdge/etc'
Using monoOptions --debugger-agent=transport=dt_socket,embedding=1,server=y,suspend=n,address=127.0.0.1:56124
Begin MonoManager ReloadAssembly
Registering precompiled unity dll's ...
Register platform support module: C:/Program Files/Unity/Hub/Editor/2020.3.25f1/Editor/Data/PlaybackEngines/WebGLSupport/UnityEditor.WebGL.Extensions.dll
Register platform support module: C:/Program Files/Unity/Hub/Editor/2020.3.25f1/Editor/Data/PlaybackEngines/WindowsStandaloneSupport/UnityEditor.WindowsStandalone.Extensions.dll
Registered in 0.004286 seconds.
Native extension for WindowsStandalone target not found
Native extension for WebGL target not found
Refreshing native plugins compatible for Editor in 37.99 ms, found 3 plugins.
Preloading 0 native plugins for Editor in 0.00 ms.
Mono: successfully reloaded assembly
- Completed reload, in  0.515 seconds
Domain Reload Profiling:
	ReloadAssembly (515ms)
		BeginReloadAssembly (63ms)
			ExecutionOrderSort (0ms)
			DisableScriptedObjects (0ms)
			BackupInstance (0ms)
			ReleaseScriptingObjects (0ms)
			CreateAndSetChildDomain (1ms)
		EndReloadAssembly (380ms)
			LoadAssemblies (60ms)
			RebuildTransferFunctionScriptingTraits (0ms)
			SetupTypeCache (121ms)
			ReleaseScriptCaches (0ms)
			RebuildScriptCaches (25ms)
			SetupLoadedEditorAssemblies (142ms)
				LogAssemblyErrors (0ms)
				InitializePlatformSupportModulesInManaged (4ms)
				SetLoadedEditorAssemblies (0ms)
				RefreshPlugins (38ms)
				BeforeProcessingInitializeOnLoad (7ms)
				ProcessInitializeOnLoadAttributes (69ms)
				ProcessInitializeOnLoadMethodAttributes (23ms)
				AfterProcessingInitializeOnLoad (0ms)
				EditorAssembliesLoaded (0ms)
			ExecutionOrderSort2 (0ms)
			AwakeInstancesAfterBackupRestoration (0ms)
Platform modules already initialized, skipping
Registering precompiled user dll's ...
Registered in 0.005984 seconds.
Begin MonoManager ReloadAssembly
Native extension for WindowsStandalone target not found
Native extension for WebGL target not found
Refreshing native plugins compatible for Editor in 36.60 ms, found 3 plugins.
Preloading 0 native plugins for Editor in 0.00 ms.
Mono: successfully reloaded assembly
- Completed reload, in  0.962 seconds
Domain Reload Profiling:
	ReloadAssembly (962ms)
		BeginReloadAssembly (129ms)
			ExecutionOrderSort (0ms)
			DisableScriptedObjects (4ms)
			BackupInstance (0ms)
			ReleaseScriptingObjects (0ms)
			CreateAndSetChildDomain (14ms)
		EndReloadAssembly (769ms)
			LoadAssemblies (96ms)
			RebuildTransferFunctionScriptingTraits (0ms)
			SetupTypeCache (244ms)
			ReleaseScriptCaches (0ms)
			RebuildScriptCaches (38ms)
			SetupLoadedEditorAssemblies (297ms)
				LogAssemblyErrors (0ms)
				InitializePlatformSupportModulesInManaged (4ms)
				SetLoadedEditorAssemblies (0ms)
				RefreshPlugins (37ms)
				BeforeProcessingInitializeOnLoad (75ms)
				ProcessInitializeOnLoadAttributes (157ms)
				ProcessInitializeOnLoadMethodAttributes (13ms)
				AfterProcessingInitializeOnLoad (12ms)
				EditorAssembliesLoaded (0ms)
			ExecutionOrderSort2 (0ms)
			AwakeInstancesAfterBackupRestoration (5ms)
Platform modules already initialized, skipping
========================================================================
Worker process is ready to serve import requests
Launched and connected shader compiler UnityShaderCompiler.exe after 0.03 seconds
Refreshing native plugins compatible for Editor in 0.44 ms, found 3 plugins.
Preloading 0 native plugins for Editor in 0.00 ms.
Unloading 2194 Unused Serialized files (Serialized files now loaded: 0)
System memory in use before: 95.8 MB.
System memory in use after: 95.9 MB.

Unloading 28 unused Assets to reduce memory usage. Loaded Objects now: 2627.
Total: 2.725400 ms (FindLiveObjects: 0.134800 ms CreateObjectMapping: 0.065500 ms MarkObjects: 2.437100 ms  DeleteObjects: 0.087000 ms)

AssetImportParameters requested are different than current active one (requested -> active):
  custom:framework-win-MediaFoundation: 216162199b28c13a410421893ffa2e32 -> 
  custom:video-decoder-ogg-theora: a1e56fd34408186e4bbccfd4996cb3dc -> 
  custom:container-muxer-webm: aa71ff27fc2769a1b78a27578f13a17b -> 
  custom:container-demuxer-webm: 4f35f7cbe854078d1ac9338744f61a02 -> 
  custom:container-demuxer-ogg: 62fdf1f143b41e24485cea50d1cbac27 -> 
  custom:video-encoder-webm-vp8: eb34c28f22e8b96e1ab97ce403110664 -> 
  custom:video-decoder-webm-vp8: 9c59270c3fd7afecdb556c50c9e8de78 -> 
  custom:audio-decoder-ogg-vorbis: bf7c407c2cedff20999df2af8eb42d56 -> 
  custom:audio-encoder-webm-vorbis: bf7c407c2cedff20999df2af8eb42d56 -> 
========================================================================
Received Import Request.
  path: Assets/動畫
  artifactKey: Guid(1039a5b9eadf6a04ea5b87ac1d76223d) Importer(815301076,1909f56bfc062723c751e8b465ee728b)
Start importing Assets/動畫 using Guid(1039a5b9eadf6a04ea5b87ac1d76223d) Importer(815301076,1909f56bfc062723c751e8b465ee728b)  -> (artifact id: 'ad16d38f2cfa700d40bc98163ade1e2a') in 0.003985 seconds 
  Import took 0.006587 seconds .

========================================================================
Received Import Request.
  Time since last request: 3.733178 seconds.
  path: Assets/Mamelon.otf
  artifactKey: Guid(e3a9572348b664248a8235de2628d94a) Importer(815301076,1909f56bfc062723c751e8b465ee728b)
Start importing Assets/Mamelon.otf using Guid(e3a9572348b664248a8235de2628d94a) Importer(815301076,1909f56bfc062723c751e8b465ee728b)  -> (artifact id: 'c653bc0bd1e684c20b336c93d0273037') in 0.098498 seconds 
  Import took 0.101500 seconds .

========================================================================
Received Import Request.
  Time since last request: 9.895913 seconds.
  path: Assets/騎士/_Attack.png
  artifactKey: Guid(0468de744223e3f499c567061091b2f5) Importer(815301076,1909f56bfc062723c751e8b465ee728b)
Start importing Assets/騎士/_Attack.png using Guid(0468de744223e3f499c567061091b2f5) Importer(815301076,1909f56bfc062723c751e8b465ee728b)  -> (artifact id: '970af58bed600c4e5e473e88ac8912d6') in 0.068041 seconds 
  Import took 0.070656 seconds .

========================================================================
Received Import Request.
  Time since last request: 0.000234 seconds.
  path: Assets/騎士/_Attack2NoMovement.png
  artifactKey: Guid(342a8c18ebd2bc54bb06e25758b2b527) Importer(815301076,1909f56bfc062723c751e8b465ee728b)
Start importing Assets/騎士/_Attack2NoMovement.png using Guid(342a8c18ebd2bc54bb06e25758b2b527) Importer(815301076,1909f56bfc062723c751e8b465ee728b)  -> (artifact id: '41c9ab6006ac45e0dffc4977067a4b78') in 0.008985 seconds 
  Import took 0.011524 seconds .

========================================================================
Received Import Request.
  Time since last request: 0.000199 seconds.
  path: Assets/騎士/_CrouchFull.png
  artifactKey: Guid(26c1b5e1b14a9674fb8de76179108789) Importer(815301076,1909f56bfc062723c751e8b465ee728b)
Start importing Assets/騎士/_CrouchFull.png using Guid(26c1b5e1b14a9674fb8de76179108789) Importer(815301076,1909f56bfc062723c751e8b465ee728b)  -> (artifact id: '5e9317dc66d879f0ee47fc0b4ae6667b') in 0.008015 seconds 
  Import took 0.010958 seconds .

========================================================================
Received Import Request.
  Time since last request: 0.000168 seconds.
  path: Assets/騎士/_CrouchWalk.png
  artifactKey: Guid(ef70c1c50665cd44f8b035795575bc0d) Importer(815301076,1909f56bfc062723c751e8b465ee728b)
Start importing Assets/騎士/_CrouchWalk.png using Guid(ef70c1c50665cd44f8b035795575bc0d) Importer(815301076,1909f56bfc062723c751e8b465ee728b)  -> (artifact id: '6920ec4ee2c5678bec3f92dec0cee199') in 0.007574 seconds 
  Import took 0.010039 seconds .

========================================================================
Received Import Request.
  Time since last request: 0.000193 seconds.
  path: Assets/騎士/_CrouchAttack.png
  artifactKey: Guid(c62b4c1573d2b574585524ec94165b39) Importer(815301076,1909f56bfc062723c751e8b465ee728b)
Start importing Assets/騎士/_CrouchAttack.png using Guid(c62b4c1573d2b574585524ec94165b39) Importer(815301076,1909f56bfc062723c751e8b465ee728b)  -> (artifact id: 'd5ca3995dfc086f2ac37732cfea38733') in 0.006555 seconds 
  Import took 0.009223 seconds .

========================================================================
Received Import Request.
  Time since last request: 0.000216 seconds.
  path: Assets/騎士/_AttackCombo2hit.png
  artifactKey: Guid(6733b9bd0eafa3342bbaea53bd1f32ee) Importer(815301076,1909f56bfc062723c751e8b465ee728b)
Start importing Assets/騎士/_AttackCombo2hit.png using Guid(6733b9bd0eafa3342bbaea53bd1f32ee) Importer(815301076,1909f56bfc062723c751e8b465ee728b)  -> (artifact id: 'e879afbb8c41c62876ae85c33045238d') in 0.007233 seconds 
  Import took 0.009862 seconds .

========================================================================
Received Import Request.
  Time since last request: 0.000243 seconds.
  path: Assets/騎士/_AttackComboNoMovement.png
  artifactKey: Guid(6a249d7042e1369419bb7d5d73928572) Importer(815301076,1909f56bfc062723c751e8b465ee728b)
Start importing Assets/騎士/_AttackComboNoMovement.png using Guid(6a249d7042e1369419bb7d5d73928572) Importer(815301076,1909f56bfc062723c751e8b465ee728b)  -> (artifact id: '6a557209ef88424b5b25f41918c10a12') in 0.006569 seconds 
  Import took 0.009208 seconds .

========================================================================
Received Import Request.
  Time since last request: 0.000180 seconds.
  path: Assets/騎士/_CrouchTransition.png
  artifactKey: Guid(7fa01a814d0d9d34aa8b1c5e9088a761) Importer(815301076,1909f56bfc062723c751e8b465ee728b)
Start importing Assets/騎士/_CrouchTransition.png using Guid(7fa01a814d0d9d34aa8b1c5e9088a761) Importer(815301076,1909f56bfc062723c751e8b465ee728b)  -> (artifact id: '1b7c07c0b236b2981ac159e84e409f68') in 0.008433 seconds 
  Import took 0.011039 seconds .

========================================================================
Received Import Request.
  Time since last request: 0.000183 seconds.
  path: Assets/騎士/_Dash.png
  artifactKey: Guid(03439e5309ff3aa469e4b79030c28634) Importer(815301076,1909f56bfc062723c751e8b465ee728b)
Start importing Assets/騎士/_Dash.png using Guid(03439e5309ff3aa469e4b79030c28634) Importer(815301076,1909f56bfc062723c751e8b465ee728b)  -> (artifact id: 'e1fc484ad88d8e1ed933565674a62076') in 0.007867 seconds 
  Import took 0.010351 seconds .

========================================================================
Received Import Request.
  Time since last request: 0.000259 seconds.
  path: Assets/騎士/_Crouch.png
  artifactKey: Guid(2220a66b848ccbd4e83a09e73a7a8e9a) Importer(815301076,1909f56bfc062723c751e8b465ee728b)
Start importing Assets/騎士/_Crouch.png using Guid(2220a66b848ccbd4e83a09e73a7a8e9a) Importer(815301076,1909f56bfc062723c751e8b465ee728b)  -> (artifact id: '24525949ff27b8540f5b13c9790a7112') in 0.007220 seconds 
  Import took 0.010167 seconds .

========================================================================
Received Import Request.
  Time since last request: 0.000170 seconds.
  path: Assets/騎士/_AttackNoMovement.png
  artifactKey: Guid(2fc633cc283af3c4cbde55f04c6809b3) Importer(815301076,1909f56bfc062723c751e8b465ee728b)
Start importing Assets/騎士/_AttackNoMovement.png using Guid(2fc633cc283af3c4cbde55f04c6809b3) Importer(815301076,1909f56bfc062723c751e8b465ee728b)  -> (artifact id: 'fe0fa0c7f7aa5d171d76a0960c3561ee') in 0.006617 seconds 
  Import took 0.009187 seconds .

========================================================================
Received Import Request.
  Time since last request: 0.000166 seconds.
  path: Assets/騎士/_Attack2.png
  artifactKey: Guid(d609638369e379a4183925423f42b640) Importer(815301076,1909f56bfc062723c751e8b465ee728b)
Start importing Assets/騎士/_Attack2.png using Guid(d609638369e379a4183925423f42b640) Importer(815301076,1909f56bfc062723c751e8b465ee728b)  -> (artifact id: 'a05d52571c2956b5bad70ecedae8bdaa') in 0.007466 seconds 
  Import took 0.010088 seconds .

========================================================================
Received Import Request.
  Time since last request: 0.269724 seconds.
  path: Assets/調色盤/First Asset pack _12.asset
  artifactKey: Guid(819e1fe168c370f4aa88bebc18711b99) Importer(815301076,1909f56bfc062723c751e8b465ee728b)
Start importing Assets/調色盤/First Asset pack _12.asset using Guid(819e1fe168c370f4aa88bebc18711b99) Importer(815301076,1909f56bfc062723c751e8b465ee728b)  -> (artifact id: 'f0bdefd19834cba1ca0206b6e4fac9c1') in 0.038017 seconds 
  Import took 0.040696 seconds .

========================================================================
Received Import Request.
  Time since last request: 0.000219 seconds.
  path: Assets/調色盤/First Asset pack _48.asset
  artifactKey: Guid(2443a60078651da499feee4040f661e2) Importer(815301076,1909f56bfc062723c751e8b465ee728b)
Start importing Assets/調色盤/First Asset pack _48.asset using Guid(2443a60078651da499feee4040f661e2) Importer(815301076,1909f56bfc062723c751e8b465ee728b)  -> (artifact id: 'a68e873f38467874fd0fb497cba02d59') in 0.005634 seconds 
  Import took 0.008073 seconds .

========================================================================
Received Import Request.
  Time since last request: 0.000309 seconds.
  path: Assets/調色盤/First Asset pack _47.asset
  artifactKey: Guid(598f72bc913b35245addeed2469c1c1a) Importer(815301076,1909f56bfc062723c751e8b465ee728b)
Start importing Assets/調色盤/First Asset pack _47.asset using Guid(598f72bc913b35245addeed2469c1c1a) Importer(815301076,1909f56bfc062723c751e8b465ee728b)  -> (artifact id: '169bae6c870e49fa45b07468e3b05ad4') in 0.006247 seconds 
  Import took 0.009075 seconds .

========================================================================
Received Import Request.
  Time since last request: 0.000245 seconds.
  path: Assets/調色盤/First Asset pack _15.asset
  artifactKey: Guid(a2f60c41c1718504ba9df6c653b7d11e) Importer(815301076,1909f56bfc062723c751e8b465ee728b)
Start importing Assets/調色盤/First Asset pack _15.asset using Guid(a2f60c41c1718504ba9df6c653b7d11e) Importer(815301076,1909f56bfc062723c751e8b465ee728b)  -> (artifact id: '117be48b9e4b3c2316e5b0b0ca89005c') in 0.006221 seconds 
  Import took 0.009226 seconds .

========================================================================
Received Import Request.
  Time since last request: 0.000291 seconds.
  path: Assets/調色盤/First Asset pack _33.asset
  artifactKey: Guid(71f9fc7b354381a4ead2b24d4f332349) Importer(815301076,1909f56bfc062723c751e8b465ee728b)
Start importing Assets/調色盤/First Asset pack _33.asset using Guid(71f9fc7b354381a4ead2b24d4f332349) Importer(815301076,1909f56bfc062723c751e8b465ee728b)  -> (artifact id: '14df0e2d00318efa4acad19a1e3e4034') in 0.005961 seconds 
  Import took 0.008917 seconds .

========================================================================
Received Import Request.
  Time since last request: 0.000211 seconds.
  path: Assets/調色盤/First Asset pack _14.asset
  artifactKey: Guid(b63c6d63b53f54044b3d6c815dcf8edc) Importer(815301076,1909f56bfc062723c751e8b465ee728b)
Start importing Assets/調色盤/First Asset pack _14.asset using Guid(b63c6d63b53f54044b3d6c815dcf8edc) Importer(815301076,1909f56bfc062723c751e8b465ee728b)  -> (artifact id: 'b026ca9ba2652154d064c99e5049cfa8') in 0.005876 seconds 
  Import took 0.008816 seconds .

========================================================================
Received Import Request.
  Time since last request: 0.000211 seconds.
  path: Assets/調色盤/First Asset pack _49.asset
  artifactKey: Guid(23b53a50cce416a48ba749e116b2b7e1) Importer(815301076,1909f56bfc062723c751e8b465ee728b)
Start importing Assets/調色盤/First Asset pack _49.asset using Guid(23b53a50cce416a48ba749e116b2b7e1) Importer(815301076,1909f56bfc062723c751e8b465ee728b)  -> (artifact id: 'a0076ba9b1a7c2c352febadaeab103e1') in 0.006761 seconds 
  Import took 0.009378 seconds .

========================================================================
Received Import Request.
  Time since last request: 0.000252 seconds.
  path: Assets/調色盤/First Asset pack _50.asset
  artifactKey: Guid(6080b7862393a504e8b946e642baf65e) Importer(815301076,1909f56bfc062723c751e8b465ee728b)
Start importing Assets/調色盤/First Asset pack _50.asset using Guid(6080b7862393a504e8b946e642baf65e) Importer(815301076,1909f56bfc062723c751e8b465ee728b)  -> (artifact id: '7a728c6d3be6033fbc875115512e70f9') in 0.005646 seconds 
  Import took 0.008427 seconds .

========================================================================
Received Import Request.
  Time since last request: 0.000177 seconds.
  path: Assets/調色盤/First Asset pack _13.asset
  artifactKey: Guid(793c6dc82201e6c499b70503b5448622) Importer(815301076,1909f56bfc062723c751e8b465ee728b)
Start importing Assets/調色盤/First Asset pack _13.asset using Guid(793c6dc82201e6c499b70503b5448622) Importer(815301076,1909f56bfc062723c751e8b465ee728b)  -> (artifact id: 'fcbacfcbbfd8e60373c291b239f6f230') in 0.006644 seconds 
  Import took 0.009614 seconds .

========================================================================
Received Import Request.
  Time since last request: 0.000215 seconds.
  path: Assets/調色盤/First Asset pack _16.asset
  artifactKey: Guid(ee578dc3ec27bc34e87f358cbf950667) Importer(815301076,1909f56bfc062723c751e8b465ee728b)
Start importing Assets/調色盤/First Asset pack _16.asset using Guid(ee578dc3ec27bc34e87f358cbf950667) Importer(815301076,1909f56bfc062723c751e8b465ee728b)  -> (artifact id: 'a4f6aae1703db0adbfe41b6526981aff') in 0.006066 seconds 
  Import took 0.009012 seconds .

========================================================================
Received Import Request.
  Time since last request: 0.000263 seconds.
  path: Assets/調色盤/First Asset pack _17.asset
  artifactKey: Guid(926f100d12d0dc8428cd47205fc8e8e3) Importer(815301076,1909f56bfc062723c751e8b465ee728b)
Start importing Assets/調色盤/First Asset pack _17.asset using Guid(926f100d12d0dc8428cd47205fc8e8e3) Importer(815301076,1909f56bfc062723c751e8b465ee728b)  -> (artifact id: '7cbf72bd3997dcd75c4d7c9cfc1e5942') in 0.005789 seconds 
  Import took 0.008751 seconds .

========================================================================
Received Import Request.
  Time since last request: 0.000185 seconds.
  path: Assets/調色盤/First Asset pack _46.asset
  artifactKey: Guid(2255c1fa0ec41174cb419e953a048bb7) Importer(815301076,1909f56bfc062723c751e8b465ee728b)
Start importing Assets/調色盤/First Asset pack _46.asset using Guid(2255c1fa0ec41174cb419e953a048bb7) Importer(815301076,1909f56bfc062723c751e8b465ee728b)  -> (artifact id: 'fde68099387fbcb617d76a9291c3f215') in 0.005150 seconds 
  Import took 0.007805 seconds .

========================================================================
Received Import Request.
  Time since last request: 0.358835 seconds.
  path: Assets/圖片/First Asset pack  1.png
  artifactKey: Guid(462a2aa34d278b748acb0facf719c4b0) Importer(815301076,1909f56bfc062723c751e8b465ee728b)
Start importing Assets/圖片/First Asset pack  1.png using Guid(462a2aa34d278b748acb0facf719c4b0) Importer(815301076,1909f56bfc062723c751e8b465ee728b)  -> (artifact id: '93aad709624e708952e12ac080e9cddd') in 0.564046 seconds 
  Import took 0.568206 seconds .

========================================================================
Received Import Request.
  Time since last request: 0.000202 seconds.
  path: Assets/圖片/First Asset pack .png
  artifactKey: Guid(731bfa76414417e47b14642af6a500a4) Importer(815301076,1909f56bfc062723c751e8b465ee728b)
Start importing Assets/圖片/First Asset pack .png using Guid(731bfa76414417e47b14642af6a500a4) Importer(815301076,1909f56bfc062723c751e8b465ee728b)  -> (artifact id: '2536e993c5649c9cebcb906b6e7aca21') in 0.554524 seconds 
  Import took 0.558360 seconds .

========================================================================
Received Import Request.
  Time since last request: 0.000200 seconds.
  path: Assets/圖片/First Asset pack  2.png
  artifactKey: Guid(9545cb3322e27cf4ebea605d4d6f1ac2) Importer(815301076,1909f56bfc062723c751e8b465ee728b)
Start importing Assets/圖片/First Asset pack  2.png using Guid(9545cb3322e27cf4ebea605d4d6f1ac2) Importer(815301076,1909f56bfc062723c751e8b465ee728b)  -> (artifact id: '96fdac5baec561acd51874bc6e160d32') in 0.565728 seconds 
  Import took 0.569458 seconds .

========================================================================
Received Import Request.
  Time since last request: 0.096931 seconds.
  path: Assets/場景/森林.unity
  artifactKey: Guid(8cb04f1abb8334f428c310bd524ec27b) Importer(815301076,1909f56bfc062723c751e8b465ee728b)
Start importing Assets/場景/森林.unity using Guid(8cb04f1abb8334f428c310bd524ec27b) Importer(815301076,1909f56bfc062723c751e8b465ee728b)  -> (artifact id: '0bbfccd43b3d2afc8d78b4a583b8eadf') in 0.002062 seconds 
  Import took 0.004839 seconds .

========================================================================
Received Prepare
Registering precompiled user dll's ...
Registered in 0.005547 seconds.
Begin MonoManager ReloadAssembly
Native extension for WindowsStandalone target not found
Native extension for WebGL target not found
Refreshing native plugins compatible for Editor in 0.42 ms, found 3 plugins.
Preloading 0 native plugins for Editor in 0.00 ms.
Mono: successfully reloaded assembly
- Completed reload, in  0.895 seconds
Domain Reload Profiling:
	ReloadAssembly (895ms)
		BeginReloadAssembly (110ms)
			ExecutionOrderSort (0ms)
			DisableScriptedObjects (5ms)
			BackupInstance (0ms)
			ReleaseScriptingObjects (0ms)
			CreateAndSetChildDomain (26ms)
		EndReloadAssembly (724ms)
			LoadAssemblies (94ms)
			RebuildTransferFunctionScriptingTraits (0ms)
			SetupTypeCache (267ms)
			ReleaseScriptCaches (1ms)
			RebuildScriptCaches (34ms)
			SetupLoadedEditorAssemblies (254ms)
				LogAssemblyErrors (0ms)
				InitializePlatformSupportModulesInManaged (5ms)
				SetLoadedEditorAssemblies (0ms)
				RefreshPlugins (0ms)
				BeforeProcessingInitializeOnLoad (69ms)
				ProcessInitializeOnLoadAttributes (158ms)
				ProcessInitializeOnLoadMethodAttributes (9ms)
				AfterProcessingInitializeOnLoad (12ms)
				EditorAssembliesLoaded (0ms)
			ExecutionOrderSort2 (0ms)
			AwakeInstancesAfterBackupRestoration (7ms)
Platform modules already initialized, skipping
Refreshing native plugins compatible for Editor in 0.42 ms, found 3 plugins.
Preloading 0 native plugins for Editor in 0.00 ms.
Unloading 2183 Unused Serialized files (Serialized files now loaded: 0)
System memory in use before: 98.9 MB.
System memory in use after: 99.0 MB.

Unloading 17 unused Assets to reduce memory usage. Loaded Objects now: 2692.
Total: 2.327200 ms (FindLiveObjects: 0.133400 ms CreateObjectMapping: 0.063200 ms MarkObjects: 2.119000 ms  DeleteObjects: 0.011000 ms)

AssetImportParameters requested are different than current active one (requested -> active):
  custom:framework-win-MediaFoundation: 216162199b28c13a410421893ffa2e32 -> 
  custom:video-decoder-ogg-theora: a1e56fd34408186e4bbccfd4996cb3dc -> 
  custom:container-muxer-webm: aa71ff27fc2769a1b78a27578f13a17b -> 
  custom:container-demuxer-webm: 4f35f7cbe854078d1ac9338744f61a02 -> 
  custom:container-demuxer-ogg: 62fdf1f143b41e24485cea50d1cbac27 -> 
  custom:video-encoder-webm-vp8: eb34c28f22e8b96e1ab97ce403110664 -> 
  custom:video-decoder-webm-vp8: 9c59270c3fd7afecdb556c50c9e8de78 -> 
  custom:audio-decoder-ogg-vorbis: bf7c407c2cedff20999df2af8eb42d56 -> 
  custom:audio-encoder-webm-vorbis: bf7c407c2cedff20999df2af8eb42d56 -> 
========================================================================
Received Import Request.
  Time since last request: 38.602631 seconds.
  path: Assets/Scripts
  artifactKey: Guid(b0f563b904134f0488a60991c1c567f2) Importer(815301076,1909f56bfc062723c751e8b465ee728b)
Start importing Assets/Scripts using Guid(b0f563b904134f0488a60991c1c567f2) Importer(815301076,1909f56bfc062723c751e8b465ee728b)  -> (artifact id: '823ee79083cd713fb058c47278714879') in 0.004308 seconds 
  Import took 0.007295 seconds .

========================================================================
Received Prepare
Registering precompiled user dll's ...
Registered in 0.005650 seconds.
Begin MonoManager ReloadAssembly
Native extension for WindowsStandalone target not found
Native extension for WebGL target not found
Refreshing native plugins compatible for Editor in 0.42 ms, found 3 plugins.
Preloading 0 native plugins for Editor in 0.00 ms.
Mono: successfully reloaded assembly
- Completed reload, in  0.906 seconds
Domain Reload Profiling:
	ReloadAssembly (907ms)
		BeginReloadAssembly (110ms)
			ExecutionOrderSort (0ms)
			DisableScriptedObjects (5ms)
			BackupInstance (0ms)
			ReleaseScriptingObjects (0ms)
			CreateAndSetChildDomain (26ms)
		EndReloadAssembly (736ms)
			LoadAssemblies (94ms)
			RebuildTransferFunctionScriptingTraits (0ms)
			SetupTypeCache (237ms)
			ReleaseScriptCaches (1ms)
			RebuildScriptCaches (33ms)
			SetupLoadedEditorAssemblies (294ms)
				LogAssemblyErrors (0ms)
				InitializePlatformSupportModulesInManaged (5ms)
				SetLoadedEditorAssemblies (0ms)
				RefreshPlugins (0ms)
				BeforeProcessingInitializeOnLoad (78ms)
				ProcessInitializeOnLoadAttributes (187ms)
				ProcessInitializeOnLoadMethodAttributes (10ms)
				AfterProcessingInitializeOnLoad (14ms)
				EditorAssembliesLoaded (0ms)
			ExecutionOrderSort2 (0ms)
			AwakeInstancesAfterBackupRestoration (8ms)
Platform modules already initialized, skipping
Refreshing native plugins compatible for Editor in 0.43 ms, found 3 plugins.
Preloading 0 native plugins for Editor in 0.00 ms.
Unloading 2184 Unused Serialized files (Serialized files now loaded: 0)
System memory in use before: 98.9 MB.
System memory in use after: 99.0 MB.

Unloading 17 unused Assets to reduce memory usage. Loaded Objects now: 2695.
Total: 2.343800 ms (FindLiveObjects: 0.133100 ms CreateObjectMapping: 0.059100 ms MarkObjects: 2.139400 ms  DeleteObjects: 0.011500 ms)

AssetImportParameters requested are different than current active one (requested -> active):
  custom:framework-win-MediaFoundation: 216162199b28c13a410421893ffa2e32 -> 
  custom:video-decoder-ogg-theora: a1e56fd34408186e4bbccfd4996cb3dc -> 
  custom:container-muxer-webm: aa71ff27fc2769a1b78a27578f13a17b -> 
  custom:container-demuxer-webm: 4f35f7cbe854078d1ac9338744f61a02 -> 
  custom:container-demuxer-ogg: 62fdf1f143b41e24485cea50d1cbac27 -> 
  custom:video-encoder-webm-vp8: eb34c28f22e8b96e1ab97ce403110664 -> 
  custom:video-decoder-webm-vp8: 9c59270c3fd7afecdb556c50c9e8de78 -> 
  custom:audio-decoder-ogg-vorbis: bf7c407c2cedff20999df2af8eb42d56 -> 
  custom:audio-encoder-webm-vorbis: bf7c407c2cedff20999df2af8eb42d56 -> 
========================================================================
Received Import Request.
  Time since last request: 23.442828 seconds.
  path: Assets/Scripts/Top.cs
  artifactKey: Guid(89d05e9938b3dbb4ca276405a8fdad5c) Importer(815301076,1909f56bfc062723c751e8b465ee728b)
Start importing Assets/Scripts/Top.cs using Guid(89d05e9938b3dbb4ca276405a8fdad5c) Importer(815301076,1909f56bfc062723c751e8b465ee728b)  -> (artifact id: 'eec7e2e2a3425af83c00c836cf1d4e92') in 0.010948 seconds 
  Import took 0.013451 seconds .

========================================================================
Received Prepare
Registering precompiled user dll's ...
Registered in 0.005299 seconds.
Begin MonoManager ReloadAssembly
Native extension for WindowsStandalone target not found
Native extension for WebGL target not found
Refreshing native plugins compatible for Editor in 0.42 ms, found 3 plugins.
Preloading 0 native plugins for Editor in 0.00 ms.
Mono: successfully reloaded assembly
- Completed reload, in  0.864 seconds
Domain Reload Profiling:
	ReloadAssembly (865ms)
		BeginReloadAssembly (109ms)
			ExecutionOrderSort (0ms)
			DisableScriptedObjects (5ms)
			BackupInstance (0ms)
			ReleaseScriptingObjects (0ms)
			CreateAndSetChildDomain (25ms)
		EndReloadAssembly (692ms)
			LoadAssemblies (94ms)
			RebuildTransferFunctionScriptingTraits (0ms)
			SetupTypeCache (234ms)
			ReleaseScriptCaches (1ms)
			RebuildScriptCaches (35ms)
			SetupLoadedEditorAssemblies (254ms)
				LogAssemblyErrors (0ms)
				InitializePlatformSupportModulesInManaged (5ms)
				SetLoadedEditorAssemblies (0ms)
				RefreshPlugins (0ms)
				BeforeProcessingInitializeOnLoad (67ms)
				ProcessInitializeOnLoadAttributes (160ms)
				ProcessInitializeOnLoadMethodAttributes (9ms)
				AfterProcessingInitializeOnLoad (12ms)
				EditorAssembliesLoaded (0ms)
			ExecutionOrderSort2 (0ms)
			AwakeInstancesAfterBackupRestoration (7ms)
Platform modules already initialized, skipping
Refreshing native plugins compatible for Editor in 0.40 ms, found 3 plugins.
Preloading 0 native plugins for Editor in 0.00 ms.
Unloading 2183 Unused Serialized files (Serialized files now loaded: 0)
System memory in use before: 98.9 MB.
System memory in use after: 99.1 MB.

Unloading 18 unused Assets to reduce memory usage. Loaded Objects now: 2696.
Total: 2.366500 ms (FindLiveObjects: 0.127100 ms CreateObjectMapping: 0.056600 ms MarkObjects: 2.168900 ms  DeleteObjects: 0.013000 ms)

AssetImportParameters requested are different than current active one (requested -> active):
  custom:framework-win-MediaFoundation: 216162199b28c13a410421893ffa2e32 -> 
  custom:video-decoder-ogg-theora: a1e56fd34408186e4bbccfd4996cb3dc -> 
  custom:container-muxer-webm: aa71ff27fc2769a1b78a27578f13a17b -> 
  custom:container-demuxer-webm: 4f35f7cbe854078d1ac9338744f61a02 -> 
  custom:container-demuxer-ogg: 62fdf1f143b41e24485cea50d1cbac27 -> 
  custom:video-encoder-webm-vp8: eb34c28f22e8b96e1ab97ce403110664 -> 
  custom:video-decoder-webm-vp8: 9c59270c3fd7afecdb556c50c9e8de78 -> 
  custom:audio-decoder-ogg-vorbis: bf7c407c2cedff20999df2af8eb42d56 -> 
  custom:audio-encoder-webm-vorbis: bf7c407c2cedff20999df2af8eb42d56 -> 
========================================================================
Received Import Request.
  Time since last request: 30.720001 seconds.
  path: Assets/Scripts/TopDownController.cs
  artifactKey: Guid(a60c970b7171ee04d9e73794fd999375) Importer(815301076,1909f56bfc062723c751e8b465ee728b)
Start importing Assets/Scripts/TopDownController.cs using Guid(a60c970b7171ee04d9e73794fd999375) Importer(815301076,1909f56bfc062723c751e8b465ee728b)  -> (artifact id: 'c13350f66ddaea962f317ec6ca8cae97') in 0.004330 seconds 
  Import took 0.007564 seconds .

========================================================================
Received Prepare
Registering precompiled user dll's ...
Registered in 0.005702 seconds.
Begin MonoManager ReloadAssembly
Native extension for WindowsStandalone target not found
Native extension for WebGL target not found
Refreshing native plugins compatible for Editor in 0.70 ms, found 3 plugins.
Preloading 0 native plugins for Editor in 0.00 ms.
Mono: successfully reloaded assembly
- Completed reload, in  0.891 seconds
Domain Reload Profiling:
	ReloadAssembly (891ms)
		BeginReloadAssembly (110ms)
			ExecutionOrderSort (0ms)
			DisableScriptedObjects (5ms)
			BackupInstance (0ms)
			ReleaseScriptingObjects (0ms)
			CreateAndSetChildDomain (27ms)
		EndReloadAssembly (712ms)
			LoadAssemblies (100ms)
			RebuildTransferFunctionScriptingTraits (0ms)
			SetupTypeCache (238ms)
			ReleaseScriptCaches (1ms)
			RebuildScriptCaches (34ms)
			SetupLoadedEditorAssemblies (262ms)
				LogAssemblyErrors (0ms)
				InitializePlatformSupportModulesInManaged (5ms)
				SetLoadedEditorAssemblies (0ms)
				RefreshPlugins (1ms)
				BeforeProcessingInitializeOnLoad (70ms)
				ProcessInitializeOnLoadAttributes (164ms)
				ProcessInitializeOnLoadMethodAttributes (9ms)
				AfterProcessingInitializeOnLoad (12ms)
				EditorAssembliesLoaded (0ms)
			ExecutionOrderSort2 (0ms)
			AwakeInstancesAfterBackupRestoration (7ms)
Platform modules already initialized, skipping
Refreshing native plugins compatible for Editor in 0.42 ms, found 3 plugins.
Preloading 0 native plugins for Editor in 0.00 ms.
Unloading 2184 Unused Serialized files (Serialized files now loaded: 0)
System memory in use before: 99.0 MB.
System memory in use after: 99.1 MB.

Unloading 17 unused Assets to reduce memory usage. Loaded Objects now: 2699.
Total: 2.311400 ms (FindLiveObjects: 0.136300 ms CreateObjectMapping: 0.060800 ms MarkObjects: 2.101900 ms  DeleteObjects: 0.011700 ms)

AssetImportParameters requested are different than current active one (requested -> active):
  custom:framework-win-MediaFoundation: 216162199b28c13a410421893ffa2e32 -> 
  custom:video-decoder-ogg-theora: a1e56fd34408186e4bbccfd4996cb3dc -> 
  custom:container-muxer-webm: aa71ff27fc2769a1b78a27578f13a17b -> 
  custom:container-demuxer-webm: 4f35f7cbe854078d1ac9338744f61a02 -> 
  custom:container-demuxer-ogg: 62fdf1f143b41e24485cea50d1cbac27 -> 
  custom:video-encoder-webm-vp8: eb34c28f22e8b96e1ab97ce403110664 -> 
  custom:video-decoder-webm-vp8: 9c59270c3fd7afecdb556c50c9e8de78 -> 
  custom:audio-decoder-ogg-vorbis: bf7c407c2cedff20999df2af8eb42d56 -> 
  custom:audio-encoder-webm-vorbis: bf7c407c2cedff20999df2af8eb42d56 -> 
========================================================================
Received Import Request.
  Time since last request: 486.765264 seconds.
  path: Assets/Scripts/TopDownController.cs
  artifactKey: Guid(a60c970b7171ee04d9e73794fd999375) Importer(815301076,1909f56bfc062723c751e8b465ee728b)
Start importing Assets/Scripts/TopDownController.cs using Guid(a60c970b7171ee04d9e73794fd999375) Importer(815301076,1909f56bfc062723c751e8b465ee728b)  -> (artifact id: '28f85ef0b2a3a020d5d75712df61c2bd') in 0.004221 seconds 
  Import took 0.007235 seconds .

========================================================================
Received Prepare
Registering precompiled user dll's ...
Registered in 0.005662 seconds.
Begin MonoManager ReloadAssembly
Native extension for WindowsStandalone target not found
Native extension for WebGL target not found
Refreshing native plugins compatible for Editor in 0.42 ms, found 3 plugins.
Preloading 0 native plugins for Editor in 0.00 ms.
Mono: successfully reloaded assembly
- Completed reload, in  0.881 seconds
Domain Reload Profiling:
	ReloadAssembly (882ms)
		BeginReloadAssembly (110ms)
			ExecutionOrderSort (0ms)
			DisableScriptedObjects (5ms)
			BackupInstance (0ms)
			ReleaseScriptingObjects (0ms)
			CreateAndSetChildDomain (27ms)
		EndReloadAssembly (710ms)
			LoadAssemblies (96ms)
			RebuildTransferFunctionScriptingTraits (0ms)
			SetupTypeCache (237ms)
			ReleaseScriptCaches (1ms)
			RebuildScriptCaches (34ms)
			SetupLoadedEditorAssemblies (266ms)
				LogAssemblyErrors (0ms)
				InitializePlatformSupportModulesInManaged (5ms)
				SetLoadedEditorAssemblies (1ms)
				RefreshPlugins (0ms)
				BeforeProcessingInitializeOnLoad (71ms)
				ProcessInitializeOnLoadAttributes (168ms)
				ProcessInitializeOnLoadMethodAttributes (9ms)
				AfterProcessingInitializeOnLoad (12ms)
				EditorAssembliesLoaded (0ms)
			ExecutionOrderSort2 (0ms)
			AwakeInstancesAfterBackupRestoration (7ms)
Platform modules already initialized, skipping
Refreshing native plugins compatible for Editor in 0.41 ms, found 3 plugins.
Preloading 0 native plugins for Editor in 0.00 ms.
Unloading 2184 Unused Serialized files (Serialized files now loaded: 0)
System memory in use before: 99.0 MB.
System memory in use after: 99.1 MB.

Unloading 17 unused Assets to reduce memory usage. Loaded Objects now: 2701.
Total: 2.678800 ms (FindLiveObjects: 0.208900 ms CreateObjectMapping: 0.088700 ms MarkObjects: 2.365600 ms  DeleteObjects: 0.014800 ms)

AssetImportParameters requested are different than current active one (requested -> active):
  custom:framework-win-MediaFoundation: 216162199b28c13a410421893ffa2e32 -> 
  custom:video-decoder-ogg-theora: a1e56fd34408186e4bbccfd4996cb3dc -> 
  custom:container-muxer-webm: aa71ff27fc2769a1b78a27578f13a17b -> 
  custom:container-demuxer-webm: 4f35f7cbe854078d1ac9338744f61a02 -> 
  custom:container-demuxer-ogg: 62fdf1f143b41e24485cea50d1cbac27 -> 
  custom:video-encoder-webm-vp8: eb34c28f22e8b96e1ab97ce403110664 -> 
  custom:video-decoder-webm-vp8: 9c59270c3fd7afecdb556c50c9e8de78 -> 
  custom:audio-decoder-ogg-vorbis: bf7c407c2cedff20999df2af8eb42d56 -> 
  custom:audio-encoder-webm-vorbis: bf7c407c2cedff20999df2af8eb42d56 -> 
========================================================================
Received Import Request.
  Time since last request: 1054.163233 seconds.
  path: Assets/Scripts/TopDownController.cs
  artifactKey: Guid(a60c970b7171ee04d9e73794fd999375) Importer(815301076,1909f56bfc062723c751e8b465ee728b)
Start importing Assets/Scripts/TopDownController.cs using Guid(a60c970b7171ee04d9e73794fd999375) Importer(815301076,1909f56bfc062723c751e8b465ee728b)  -> (artifact id: '59125ec91053f49ec7770650e2f10abc') in 0.003953 seconds 
  Import took 0.006747 seconds .

========================================================================
Received Prepare
Registering precompiled user dll's ...
Registered in 0.005563 seconds.
Begin MonoManager ReloadAssembly
Native extension for WindowsStandalone target not found
Native extension for WebGL target not found
Refreshing native plugins compatible for Editor in 0.42 ms, found 3 plugins.
Preloading 0 native plugins for Editor in 0.00 ms.
Mono: successfully reloaded assembly
- Completed reload, in  0.893 seconds
Domain Reload Profiling:
	ReloadAssembly (893ms)
		BeginReloadAssembly (124ms)
			ExecutionOrderSort (0ms)
			DisableScriptedObjects (5ms)
			BackupInstance (0ms)
			ReleaseScriptingObjects (0ms)
			CreateAndSetChildDomain (25ms)
		EndReloadAssembly (702ms)
			LoadAssemblies (101ms)
			RebuildTransferFunctionScriptingTraits (0ms)
			SetupTypeCache (231ms)
			ReleaseScriptCaches (1ms)
			RebuildScriptCaches (34ms)
			SetupLoadedEditorAssemblies (265ms)
				LogAssemblyErrors (0ms)
				InitializePlatformSupportModulesInManaged (5ms)
				SetLoadedEditorAssemblies (0ms)
				RefreshPlugins (0ms)
				BeforeProcessingInitializeOnLoad (76ms)
				ProcessInitializeOnLoadAttributes (162ms)
				ProcessInitializeOnLoadMethodAttributes (9ms)
				AfterProcessingInitializeOnLoad (12ms)
				EditorAssembliesLoaded (0ms)
			ExecutionOrderSort2 (0ms)
			AwakeInstancesAfterBackupRestoration (7ms)
Platform modules already initialized, skipping
Refreshing native plugins compatible for Editor in 0.38 ms, found 3 plugins.
Preloading 0 native plugins for Editor in 0.00 ms.
Unloading 2184 Unused Serialized files (Serialized files now loaded: 0)
System memory in use before: 99.0 MB.
System memory in use after: 99.1 MB.

Unloading 17 unused Assets to reduce memory usage. Loaded Objects now: 2703.
Total: 2.287400 ms (FindLiveObjects: 0.136000 ms CreateObjectMapping: 0.070300 ms MarkObjects: 2.068000 ms  DeleteObjects: 0.012400 ms)

AssetImportParameters requested are different than current active one (requested -> active):
  custom:framework-win-MediaFoundation: 216162199b28c13a410421893ffa2e32 -> 
  custom:video-decoder-ogg-theora: a1e56fd34408186e4bbccfd4996cb3dc -> 
  custom:container-muxer-webm: aa71ff27fc2769a1b78a27578f13a17b -> 
  custom:container-demuxer-webm: 4f35f7cbe854078d1ac9338744f61a02 -> 
  custom:container-demuxer-ogg: 62fdf1f143b41e24485cea50d1cbac27 -> 
  custom:video-encoder-webm-vp8: eb34c28f22e8b96e1ab97ce403110664 -> 
  custom:video-decoder-webm-vp8: 9c59270c3fd7afecdb556c50c9e8de78 -> 
  custom:audio-decoder-ogg-vorbis: bf7c407c2cedff20999df2af8eb42d56 -> 
  custom:audio-encoder-webm-vorbis: bf7c407c2cedff20999df2af8eb42d56 -> 
========================================================================
Received Prepare
Registering precompiled user dll's ...
Registered in 0.005652 seconds.
Begin MonoManager ReloadAssembly
Native extension for WindowsStandalone target not found
Native extension for WebGL target not found
Refreshing native plugins compatible for Editor in 0.41 ms, found 3 plugins.
Preloading 0 native plugins for Editor in 0.00 ms.
Mono: successfully reloaded assembly
- Completed reload, in  0.924 seconds
Domain Reload Profiling:
	ReloadAssembly (924ms)
		BeginReloadAssembly (116ms)
			ExecutionOrderSort (0ms)
			DisableScriptedObjects (6ms)
			BackupInstance (0ms)
			ReleaseScriptingObjects (0ms)
			CreateAndSetChildDomain (25ms)
		EndReloadAssembly (746ms)
			LoadAssemblies (95ms)
			RebuildTransferFunctionScriptingTraits (0ms)
			SetupTypeCache (240ms)
			ReleaseScriptCaches (1ms)
			RebuildScriptCaches (34ms)
			SetupLoadedEditorAssemblies (295ms)
				LogAssemblyErrors (0ms)
				InitializePlatformSupportModulesInManaged (5ms)
				SetLoadedEditorAssemblies (0ms)
				RefreshPlugins (0ms)
				BeforeProcessingInitializeOnLoad (71ms)
				ProcessInitializeOnLoadAttributes (192ms)
				ProcessInitializeOnLoadMethodAttributes (11ms)
				AfterProcessingInitializeOnLoad (14ms)
				EditorAssembliesLoaded (0ms)
			ExecutionOrderSort2 (0ms)
			AwakeInstancesAfterBackupRestoration (9ms)
Platform modules already initialized, skipping
Refreshing native plugins compatible for Editor in 0.60 ms, found 3 plugins.
Preloading 0 native plugins for Editor in 0.00 ms.
Unloading 2184 Unused Serialized files (Serialized files now loaded: 0)
System memory in use before: 99.0 MB.
System memory in use after: 99.1 MB.

Unloading 17 unused Assets to reduce memory usage. Loaded Objects now: 2705.
Total: 2.665300 ms (FindLiveObjects: 0.156200 ms CreateObjectMapping: 0.075400 ms MarkObjects: 2.419100 ms  DeleteObjects: 0.013700 ms)

AssetImportParameters requested are different than current active one (requested -> active):
  custom:framework-win-MediaFoundation: 216162199b28c13a410421893ffa2e32 -> 
  custom:video-decoder-ogg-theora: a1e56fd34408186e4bbccfd4996cb3dc -> 
  custom:container-muxer-webm: aa71ff27fc2769a1b78a27578f13a17b -> 
  custom:container-demuxer-webm: 4f35f7cbe854078d1ac9338744f61a02 -> 
  custom:container-demuxer-ogg: 62fdf1f143b41e24485cea50d1cbac27 -> 
  custom:video-encoder-webm-vp8: eb34c28f22e8b96e1ab97ce403110664 -> 
  custom:video-decoder-webm-vp8: 9c59270c3fd7afecdb556c50c9e8de78 -> 
  custom:audio-decoder-ogg-vorbis: bf7c407c2cedff20999df2af8eb42d56 -> 
  custom:audio-encoder-webm-vorbis: bf7c407c2cedff20999df2af8eb42d56 -> 
========================================================================
Received Prepare
Registering precompiled user dll's ...
Registered in 0.005630 seconds.
Begin MonoManager ReloadAssembly
Native extension for WindowsStandalone target not found
Native extension for WebGL target not found
Refreshing native plugins compatible for Editor in 0.42 ms, found 3 plugins.
Preloading 0 native plugins for Editor in 0.00 ms.
Mono: successfully reloaded assembly
- Completed reload, in  0.870 seconds
Domain Reload Profiling:
	ReloadAssembly (871ms)
		BeginReloadAssembly (106ms)
			ExecutionOrderSort (0ms)
			DisableScriptedObjects (5ms)
			BackupInstance (0ms)
			ReleaseScriptingObjects (0ms)
			CreateAndSetChildDomain (24ms)
		EndReloadAssembly (700ms)
			LoadAssemblies (97ms)
			RebuildTransferFunctionScriptingTraits (0ms)
			SetupTypeCache (233ms)
			ReleaseScriptCaches (1ms)
			RebuildScriptCaches (33ms)
			SetupLoadedEditorAssemblies (261ms)
				LogAssemblyErrors (0ms)
				InitializePlatformSupportModulesInManaged (5ms)
				SetLoadedEditorAssemblies (0ms)
				RefreshPlugins (0ms)
				BeforeProcessingInitializeOnLoad (68ms)
				ProcessInitializeOnLoadAttributes (166ms)
				ProcessInitializeOnLoadMethodAttributes (9ms)
				AfterProcessingInitializeOnLoad (12ms)
				EditorAssembliesLoaded (0ms)
			ExecutionOrderSort2 (0ms)
			AwakeInstancesAfterBackupRestoration (7ms)
Platform modules already initialized, skipping
Refreshing native plugins compatible for Editor in 0.40 ms, found 3 plugins.
Preloading 0 native plugins for Editor in 0.00 ms.
Unloading 2184 Unused Serialized files (Serialized files now loaded: 0)
System memory in use before: 99.0 MB.
System memory in use after: 99.1 MB.

Unloading 17 unused Assets to reduce memory usage. Loaded Objects now: 2707.
Total: 2.315200 ms (FindLiveObjects: 0.127500 ms CreateObjectMapping: 0.061000 ms MarkObjects: 2.114100 ms  DeleteObjects: 0.012000 ms)

AssetImportParameters requested are different than current active one (requested -> active):
  custom:framework-win-MediaFoundation: 216162199b28c13a410421893ffa2e32 -> 
  custom:video-decoder-ogg-theora: a1e56fd34408186e4bbccfd4996cb3dc -> 
  custom:container-muxer-webm: aa71ff27fc2769a1b78a27578f13a17b -> 
  custom:container-demuxer-webm: 4f35f7cbe854078d1ac9338744f61a02 -> 
  custom:container-demuxer-ogg: 62fdf1f143b41e24485cea50d1cbac27 -> 
  custom:video-encoder-webm-vp8: eb34c28f22e8b96e1ab97ce403110664 -> 
  custom:video-decoder-webm-vp8: 9c59270c3fd7afecdb556c50c9e8de78 -> 
  custom:audio-decoder-ogg-vorbis: bf7c407c2cedff20999df2af8eb42d56 -> 
  custom:audio-encoder-webm-vorbis: bf7c407c2cedff20999df2af8eb42d56 -> 
========================================================================
Received Prepare
Registering precompiled user dll's ...
Registered in 0.005766 seconds.
Begin MonoManager ReloadAssembly
Native extension for WindowsStandalone target not found
Native extension for WebGL target not found
Refreshing native plugins compatible for Editor in 0.42 ms, found 3 plugins.
Preloading 0 native plugins for Editor in 0.00 ms.
Mono: successfully reloaded assembly
- Completed reload, in  0.865 seconds
Domain Reload Profiling:
	ReloadAssembly (865ms)
		BeginReloadAssembly (107ms)
			ExecutionOrderSort (0ms)
			DisableScriptedObjects (5ms)
			BackupInstance (0ms)
			ReleaseScriptingObjects (0ms)
			CreateAndSetChildDomain (25ms)
		EndReloadAssembly (697ms)
			LoadAssemblies (94ms)
			RebuildTransferFunctionScriptingTraits (0ms)
			SetupTypeCache (235ms)
			ReleaseScriptCaches (1ms)
			RebuildScriptCaches (35ms)
			SetupLoadedEditorAssemblies (255ms)
				LogAssemblyErrors (0ms)
				InitializePlatformSupportModulesInManaged (5ms)
				SetLoadedEditorAssemblies (0ms)
				RefreshPlugins (0ms)
				BeforeProcessingInitializeOnLoad (69ms)
				ProcessInitializeOnLoadAttributes (159ms)
				ProcessInitializeOnLoadMethodAttributes (9ms)
				AfterProcessingInitializeOnLoad (12ms)
				EditorAssembliesLoaded (0ms)
			ExecutionOrderSort2 (0ms)
			AwakeInstancesAfterBackupRestoration (7ms)
Platform modules already initialized, skipping
Refreshing native plugins compatible for Editor in 0.41 ms, found 3 plugins.
Preloading 0 native plugins for Editor in 0.00 ms.
Unloading 2184 Unused Serialized files (Serialized files now loaded: 0)
System memory in use before: 99.0 MB.
System memory in use after: 99.1 MB.

Unloading 17 unused Assets to reduce memory usage. Loaded Objects now: 2709.
Total: 2.433500 ms (FindLiveObjects: 0.143500 ms CreateObjectMapping: 0.063100 ms MarkObjects: 2.212200 ms  DeleteObjects: 0.014100 ms)

AssetImportParameters requested are different than current active one (requested -> active):
  custom:framework-win-MediaFoundation: 216162199b28c13a410421893ffa2e32 -> 
  custom:video-decoder-ogg-theora: a1e56fd34408186e4bbccfd4996cb3dc -> 
  custom:container-muxer-webm: aa71ff27fc2769a1b78a27578f13a17b -> 
  custom:container-demuxer-webm: 4f35f7cbe854078d1ac9338744f61a02 -> 
  custom:container-demuxer-ogg: 62fdf1f143b41e24485cea50d1cbac27 -> 
  custom:video-encoder-webm-vp8: eb34c28f22e8b96e1ab97ce403110664 -> 
  custom:video-decoder-webm-vp8: 9c59270c3fd7afecdb556c50c9e8de78 -> 
  custom:audio-decoder-ogg-vorbis: bf7c407c2cedff20999df2af8eb42d56 -> 
  custom:audio-encoder-webm-vorbis: bf7c407c2cedff20999df2af8eb42d56 -> 
AssetImportWorkerClient::OnTransportError - code=2 error=End of file
